<?xml version="1.0" encoding="UTF-8"?>
<Site BuildName="(empty)"
	BuildStamp="20240501-2001-Experimental"
	Name="kai"
	Generator="ctest-3.16.3"
	CompilerName="/usr/bin/c++"
	CompilerVersion="9.4.0"
	OSName="Linux"
	Hostname="kai"
	OSRelease="5.15.0-105-generic"
	OSVersion="#115~20.04.1-Ubuntu SMP Mon Apr 15 17:33:04 UTC 2024"
	OSPlatform="x86_64"
	Is64Bits="1"
	VendorString="GenuineIntel"
	VendorID="Intel Corporation"
	FamilyID="6"
	ModelID="94"
	ProcessorCacheSize="6144"
	NumberOfLogicalCPU="8"
	NumberOfPhysicalCPU="4"
	TotalVirtualMemory="2047"
	TotalPhysicalMemory="15853"
	LogicalProcessorsPerPhysical="2"
	ProcessorClockFrequency="2700"
	>
	<Testing>
		<StartDateTime>May 01 16:01 EDT</StartDateTime>
		<StartTestTime>1714593689</StartTestTime>
		<TestList/>
		<EndDateTime>May 01 16:01 EDT</EndDateTime>
		<EndTestTime>1714593689</EndTestTime>
		<ElapsedMinutes>0</ElapsedMinutes>
	</Testing>
</Site>
